Starting WebfluxFunctionalApp on DESKTOP-MUB5158 with PID 9888 (C:\Yegnesh\Work\Java\spring-webflux-demo\target\classes started by ajyeg in C:\Yegnesh\Work\Java\spring-webflux-demo)
Running with Spring Boot v2.1.1.RELEASE, Spring v5.1.3.RELEASE
No active profile set, falling back to default profiles: default
Started WebfluxFunctionalApp in 6.207 seconds (JVM running for 6.992)
Test Statement printed
found restaurant {} for ${}
found restaurant {} for ${}
found restaurant {} for ${}
found restaurant {} for ${}
Starting WebfluxFunctionalApp on DESKTOP-MUB5158 with PID 2564 (C:\Yegnesh\Work\Java\spring-webflux-demo\target\classes started by ajyeg in C:\Yegnesh\Work\Java\spring-webflux-demo)
Running with Spring Boot v2.1.1.RELEASE, Spring v5.1.3.RELEASE
No active profile set, falling back to default profiles: default
Started WebfluxFunctionalApp in 6.013 seconds (JVM running for 7.197)
found restaurant onNext for ${}
found restaurant onNext for ${}
found restaurant onNext for ${}
found restaurant onComplete for ${}
Starting WebfluxFunctionalApp on DESKTOP-MUB5158 with PID 9332 (C:\Yegnesh\Work\Java\spring-webflux-demo\target\classes started by ajyeg in C:\Yegnesh\Work\Java\spring-webflux-demo)
Running with Spring Boot v2.1.1.RELEASE, Spring v5.1.3.RELEASE
No active profile set, falling back to default profiles: default
Started WebfluxFunctionalApp in 5.856 seconds (JVM running for 6.622)
found restaurant onNext for ${}
found restaurant onNext for ${}
found restaurant onNext for ${}
found restaurant onComplete for ${}
Starting WebfluxFunctionalApp on DESKTOP-MUB5158 with PID 4120 (C:\Yegnesh\Work\Java\spring-webflux-demo\target\classes started by ajyeg in C:\Yegnesh\Work\Java\spring-webflux-demo)
Running with Spring Boot v2.1.1.RELEASE, Spring v5.1.3.RELEASE
No active profile set, falling back to default profiles: default
Started WebfluxFunctionalApp in 5.587 seconds (JVM running for 6.351)
Starting WebfluxFunctionalApp on DESKTOP-MUB5158 with PID 6660 (C:\Yegnesh\Work\Java\spring-webflux-demo\target\classes started by ajyeg in C:\Yegnesh\Work\Java\spring-webflux-demo)
Running with Spring Boot v2.1.1.RELEASE, Spring v5.1.3.RELEASE
No active profile set, falling back to default profiles: default
Started WebfluxFunctionalApp in 5.617 seconds (JVM running for 6.374)
found restaurant onNext for ${}
found restaurant onNext for ${}
found restaurant onNext for ${}
found restaurant onComplete for ${}
Starting WebfluxFunctionalApp on DESKTOP-MUB5158 with PID 2628 (C:\Yegnesh\Work\Java\spring-webflux-demo\target\classes started by ajyeg in C:\Yegnesh\Work\Java\spring-webflux-demo)
Running with Spring Boot v2.1.1.RELEASE, Spring v5.1.3.RELEASE
No active profile set, falling back to default profiles: default
Started WebfluxFunctionalApp in 6.126 seconds (JVM running for 6.962)
Employee details for the employee $1
Employee details for the employee $2
Starting WebfluxFunctionalApp on DESKTOP-MUB5158 with PID 10212 (C:\Yegnesh\Work\Java\spring-webflux-demo\target\classes started by ajyeg in C:\Yegnesh\Work\Java\spring-webflux-demo)
Running with Spring Boot v2.1.1.RELEASE, Spring v5.1.3.RELEASE
No active profile set, falling back to default profiles: default
Started WebfluxFunctionalApp in 6.268 seconds (JVM running for 7.551)
Employee details for the employee $1
Employee details for the employee $1
Employee details for the employee $2
Employee details for the employee $1
Employee details for the employee $2
Employee details for the employee $1
Starting WebfluxFunctionalApp on DESKTOP-MUB5158 with PID 3404 (C:\Yegnesh\Work\Java\spring-webflux-demo\target\classes started by ajyeg in C:\Yegnesh\Work\Java\spring-webflux-demo)
Running with Spring Boot v2.1.1.RELEASE, Spring v5.1.3.RELEASE
No active profile set, falling back to default profiles: default
Started WebfluxFunctionalApp in 12.467 seconds (JVM running for 13.613)
Employee details for the employee $1
Employee details for the employee $2
Employee details for the employee $1
Employee details for the employee $2
Employee details for the employee $1
Employee details for the employee $2
Employee details for the employee $1
Employee details for the employee $2
Statement is printed
Statement is printed
Statement is printed
Statement is printed
